2015-10-01 15:42:05,299 [Worker-8] INFO  o.e.m.c.i.l.LifecycleMappingFactory - Using org.eclipse.m2e.jdt.JarLifecycleMapping lifecycle mapping for MavenProject: com.trihonda.test:request.quote:0.0.1-SNAPSHOT @ /Users/agolubev1/Desktop/RedLobster/request.quote/pom.xml.
2015-10-01 15:42:06,802 [Worker-8] INFO  o.e.m.j.i.AbstractJavaProjectConfigurator - Adding source folder /request.quote/src/main/java
2015-10-01 15:42:06,804 [Worker-8] INFO  o.e.m.j.i.AbstractJavaProjectConfigurator - Adding source folder /request.quote/src/test/java
2015-10-01 15:42:06,899 [Worker-8] INFO  o.e.m.c.i.p.ProjectConfigurationManager - Imported and configured 1 project(s) in 4 sec
2015-10-01 15:42:07,986 [Worker-9] INFO  o.e.m.c.i.l.LifecycleMappingFactory - Using org.eclipse.m2e.jdt.JarLifecycleMapping lifecycle mapping for MavenProject: com.trihonda.test:request.quote:0.0.1-SNAPSHOT @ /Users/agolubev1/Desktop/RedLobster/request.quote/pom.xml.
2015-10-01 15:42:10,165 [Worker-13] INFO  o.e.m.c.i.l.LifecycleMappingFactory - Using org.eclipse.m2e.jdt.JarLifecycleMapping lifecycle mapping for MavenProject: com.trihonda.test:request.quote:0.0.1-SNAPSHOT @ /Users/agolubev1/Desktop/RedLobster/request.quote/pom.xml.
2015-10-01 15:42:10,617 [Worker-13] INFO  o.e.m.c.i.embedder.EclipseLogger - Using 'UTF-8' encoding to copy filtered resources.
2015-10-01 15:42:10,617 [Worker-13] INFO  o.e.m.c.i.embedder.EclipseLogger - skip non existing resourceDirectory /Users/agolubev1/Desktop/RedLobster/request.quote/src/main/resources
2015-10-01 15:42:10,619 [Worker-13] INFO  o.e.m.c.i.embedder.EclipseLogger - Using 'UTF-8' encoding to copy filtered resources.
2015-10-01 15:42:10,619 [Worker-13] INFO  o.e.m.c.i.embedder.EclipseLogger - skip non existing resourceDirectory /Users/agolubev1/Desktop/RedLobster/request.quote/src/test/resources
2015-10-01 15:42:11,663 [Worker-6] INFO  o.e.m.c.i.l.LifecycleMappingFactory - Using org.eclipse.m2e.jdt.JarLifecycleMapping lifecycle mapping for MavenProject: com.trihonda.test:request.quote:0.0.1-SNAPSHOT @ /Users/agolubev1/Desktop/RedLobster/request.quote/pom.xml.
2015-10-01 15:42:13,122 [Worker-0] INFO  o.e.m.c.i.embedder.EclipseLogger - Using 'UTF-8' encoding to copy filtered resources.
2015-10-01 15:42:13,123 [Worker-0] INFO  o.e.m.c.i.embedder.EclipseLogger - skip non existing resourceDirectory /Users/agolubev1/Desktop/RedLobster/request.quote/src/main/resources
2015-10-01 15:42:13,124 [Worker-0] INFO  o.e.m.c.i.embedder.EclipseLogger - Using 'UTF-8' encoding to copy filtered resources.
2015-10-01 15:42:13,124 [Worker-0] INFO  o.e.m.c.i.embedder.EclipseLogger - skip non existing resourceDirectory /Users/agolubev1/Desktop/RedLobster/request.quote/src/test/resources
2015-10-01 15:42:39,652 [Worker-8] INFO  o.e.m.c.i.embedder.EclipseLogger - Using 'UTF-8' encoding to copy filtered resources.
2015-10-01 15:42:39,652 [Worker-8] INFO  o.e.m.c.i.embedder.EclipseLogger - skip non existing resourceDirectory /Users/agolubev1/Desktop/RedLobster/request.quote/src/main/resources
2015-10-01 15:42:39,653 [Worker-8] INFO  o.e.m.c.i.embedder.EclipseLogger - Using 'UTF-8' encoding to copy filtered resources.
2015-10-01 15:42:39,653 [Worker-8] INFO  o.e.m.c.i.embedder.EclipseLogger - skip non existing resourceDirectory /Users/agolubev1/Desktop/RedLobster/request.quote/src/test/resources
2015-10-05 17:25:52,068 [Worker-962] INFO  o.e.m.c.i.embedder.EclipseLogger - Using 'UTF-8' encoding to copy filtered resources.
2015-10-05 17:25:52,069 [Worker-962] INFO  o.e.m.c.i.embedder.EclipseLogger - skip non existing resourceDirectory /Users/agolubev1/Desktop/RedLobster/request.quote/src/main/resources
2015-10-05 17:25:52,070 [Worker-962] INFO  o.e.m.c.i.embedder.EclipseLogger - Using 'UTF-8' encoding to copy filtered resources.
2015-10-05 17:25:52,070 [Worker-962] INFO  o.e.m.c.i.embedder.EclipseLogger - skip non existing resourceDirectory /Users/agolubev1/Desktop/RedLobster/request.quote/src/test/resources
2015-10-05 17:26:18,726 [Worker-958] INFO  o.e.m.c.i.embedder.EclipseLogger - Using 'UTF-8' encoding to copy filtered resources.
2015-10-05 17:26:18,726 [Worker-958] INFO  o.e.m.c.i.embedder.EclipseLogger - skip non existing resourceDirectory /Users/agolubev1/Desktop/RedLobster/request.quote/src/main/resources
2015-10-05 17:26:18,728 [Worker-958] INFO  o.e.m.c.i.embedder.EclipseLogger - Using 'UTF-8' encoding to copy filtered resources.
2015-10-05 17:26:18,728 [Worker-958] INFO  o.e.m.c.i.embedder.EclipseLogger - skip non existing resourceDirectory /Users/agolubev1/Desktop/RedLobster/request.quote/src/test/resources
2015-10-06 09:34:05,687 [Worker-1114] INFO  o.e.m.c.i.embedder.EclipseLogger - Using 'UTF-8' encoding to copy filtered resources.
2015-10-06 09:34:05,688 [Worker-1114] INFO  o.e.m.c.i.embedder.EclipseLogger - skip non existing resourceDirectory /Users/agolubev1/Desktop/RedLobster/request.quote/src/main/resources
2015-10-06 09:34:05,688 [Worker-1114] INFO  o.e.m.c.i.embedder.EclipseLogger - Using 'UTF-8' encoding to copy filtered resources.
2015-10-06 09:34:05,689 [Worker-1114] INFO  o.e.m.c.i.embedder.EclipseLogger - skip non existing resourceDirectory /Users/agolubev1/Desktop/RedLobster/request.quote/src/test/resources
2015-10-06 13:07:37,145 [Worker-1160] INFO  o.e.m.c.i.embedder.EclipseLogger - Using 'UTF-8' encoding to copy filtered resources.
2015-10-06 13:07:37,146 [Worker-1160] INFO  o.e.m.c.i.embedder.EclipseLogger - skip non existing resourceDirectory /Users/agolubev1/Desktop/RedLobster/request.quote/src/main/resources
2015-10-06 13:07:37,146 [Worker-1160] INFO  o.e.m.c.i.embedder.EclipseLogger - Using 'UTF-8' encoding to copy filtered resources.
2015-10-06 13:07:37,146 [Worker-1160] INFO  o.e.m.c.i.embedder.EclipseLogger - skip non existing resourceDirectory /Users/agolubev1/Desktop/RedLobster/request.quote/src/test/resources
2015-10-06 13:11:08,649 [Worker-1154] INFO  o.e.m.c.i.embedder.EclipseLogger - Using 'UTF-8' encoding to copy filtered resources.
2015-10-06 13:11:08,650 [Worker-1154] INFO  o.e.m.c.i.embedder.EclipseLogger - skip non existing resourceDirectory /Users/agolubev1/Desktop/RedLobster/request.quote/src/main/resources
2015-10-06 13:11:08,650 [Worker-1154] INFO  o.e.m.c.i.embedder.EclipseLogger - Using 'UTF-8' encoding to copy filtered resources.
2015-10-06 13:11:08,651 [Worker-1154] INFO  o.e.m.c.i.embedder.EclipseLogger - skip non existing resourceDirectory /Users/agolubev1/Desktop/RedLobster/request.quote/src/test/resources
2015-10-06 13:13:51,137 [Worker-1161] INFO  o.e.m.c.i.embedder.EclipseLogger - Using 'UTF-8' encoding to copy filtered resources.
2015-10-06 13:13:51,137 [Worker-1161] INFO  o.e.m.c.i.embedder.EclipseLogger - skip non existing resourceDirectory /Users/agolubev1/Desktop/RedLobster/request.quote/src/main/resources
2015-10-06 13:13:51,138 [Worker-1161] INFO  o.e.m.c.i.embedder.EclipseLogger - Using 'UTF-8' encoding to copy filtered resources.
2015-10-06 13:13:51,138 [Worker-1161] INFO  o.e.m.c.i.embedder.EclipseLogger - skip non existing resourceDirectory /Users/agolubev1/Desktop/RedLobster/request.quote/src/test/resources
2015-10-06 14:04:01,539 [Worker-1182] INFO  o.e.m.c.i.embedder.EclipseLogger - Using 'UTF-8' encoding to copy filtered resources.
2015-10-06 14:04:01,540 [Worker-1182] INFO  o.e.m.c.i.embedder.EclipseLogger - skip non existing resourceDirectory /Users/agolubev1/Desktop/RedLobster/request.quote/src/main/resources
2015-10-06 14:04:01,541 [Worker-1182] INFO  o.e.m.c.i.embedder.EclipseLogger - Using 'UTF-8' encoding to copy filtered resources.
2015-10-06 14:04:01,541 [Worker-1182] INFO  o.e.m.c.i.embedder.EclipseLogger - skip non existing resourceDirectory /Users/agolubev1/Desktop/RedLobster/request.quote/src/test/resources
2015-10-06 14:34:00,559 [Worker-1185] INFO  o.e.m.c.i.embedder.EclipseLogger - Using 'UTF-8' encoding to copy filtered resources.
2015-10-06 14:34:00,559 [Worker-1185] INFO  o.e.m.c.i.embedder.EclipseLogger - skip non existing resourceDirectory /Users/agolubev1/Desktop/RedLobster/request.quote/src/main/resources
2015-10-06 14:34:00,560 [Worker-1185] INFO  o.e.m.c.i.embedder.EclipseLogger - Using 'UTF-8' encoding to copy filtered resources.
2015-10-06 14:34:00,560 [Worker-1185] INFO  o.e.m.c.i.embedder.EclipseLogger - skip non existing resourceDirectory /Users/agolubev1/Desktop/RedLobster/request.quote/src/test/resources
2015-10-06 15:49:48,249 [Worker-1205] INFO  o.e.m.c.i.embedder.EclipseLogger - Using 'UTF-8' encoding to copy filtered resources.
2015-10-06 15:49:48,250 [Worker-1205] INFO  o.e.m.c.i.embedder.EclipseLogger - skip non existing resourceDirectory /Users/agolubev1/Desktop/RedLobster/request.quote/src/main/resources
2015-10-06 15:49:48,250 [Worker-1205] INFO  o.e.m.c.i.embedder.EclipseLogger - Using 'UTF-8' encoding to copy filtered resources.
2015-10-06 15:49:48,251 [Worker-1205] INFO  o.e.m.c.i.embedder.EclipseLogger - skip non existing resourceDirectory /Users/agolubev1/Desktop/RedLobster/request.quote/src/test/resources
2015-10-06 16:34:20,664 [Worker-1218] INFO  o.e.m.c.i.embedder.EclipseLogger - Using 'UTF-8' encoding to copy filtered resources.
2015-10-06 16:34:20,665 [Worker-1218] INFO  o.e.m.c.i.embedder.EclipseLogger - skip non existing resourceDirectory /Users/agolubev1/Desktop/RedLobster/request.quote/src/main/resources
2015-10-06 16:34:20,665 [Worker-1218] INFO  o.e.m.c.i.embedder.EclipseLogger - Using 'UTF-8' encoding to copy filtered resources.
2015-10-06 16:34:20,665 [Worker-1218] INFO  o.e.m.c.i.embedder.EclipseLogger - skip non existing resourceDirectory /Users/agolubev1/Desktop/RedLobster/request.quote/src/test/resources
2015-10-07 11:18:19,039 [Worker-1364] INFO  o.e.m.c.i.embedder.EclipseLogger - Using 'UTF-8' encoding to copy filtered resources.
2015-10-07 11:18:19,040 [Worker-1364] INFO  o.e.m.c.i.embedder.EclipseLogger - skip non existing resourceDirectory /Users/agolubev1/Desktop/RedLobster/request.quote/src/main/resources
2015-10-07 11:18:19,040 [Worker-1364] INFO  o.e.m.c.i.embedder.EclipseLogger - Using 'UTF-8' encoding to copy filtered resources.
2015-10-07 11:18:19,040 [Worker-1364] INFO  o.e.m.c.i.embedder.EclipseLogger - skip non existing resourceDirectory /Users/agolubev1/Desktop/RedLobster/request.quote/src/test/resources
2015-10-08 09:49:36,321 [Worker-0] INFO  o.e.m.c.i.embedder.EclipseLogger - Using 'UTF-8' encoding to copy filtered resources.
2015-10-08 09:49:36,324 [Worker-0] INFO  o.e.m.c.i.embedder.EclipseLogger - skip non existing resourceDirectory /Users/agolubev1/Desktop/RedLobster/request.quote/src/main/resources
2015-10-08 09:49:36,326 [Worker-0] INFO  o.e.m.c.i.embedder.EclipseLogger - Using 'UTF-8' encoding to copy filtered resources.
2015-10-08 09:49:36,326 [Worker-0] INFO  o.e.m.c.i.embedder.EclipseLogger - skip non existing resourceDirectory /Users/agolubev1/Desktop/RedLobster/request.quote/src/test/resources
2015-10-08 10:07:04,343 [Worker-0] INFO  o.e.m.c.i.embedder.EclipseLogger - Using 'UTF-8' encoding to copy filtered resources.
2015-10-08 10:07:04,344 [Worker-0] INFO  o.e.m.c.i.embedder.EclipseLogger - skip non existing resourceDirectory /Users/agolubev1/Desktop/RedLobster/request.quote/src/main/resources
2015-10-08 10:07:04,346 [Worker-0] INFO  o.e.m.c.i.embedder.EclipseLogger - Using 'UTF-8' encoding to copy filtered resources.
2015-10-08 10:07:04,346 [Worker-0] INFO  o.e.m.c.i.embedder.EclipseLogger - skip non existing resourceDirectory /Users/agolubev1/Desktop/RedLobster/request.quote/src/test/resources
2015-10-08 12:40:29,420 [Worker-35] INFO  o.e.m.c.i.embedder.EclipseLogger - Using 'UTF-8' encoding to copy filtered resources.
2015-10-08 12:40:29,422 [Worker-35] INFO  o.e.m.c.i.embedder.EclipseLogger - skip non existing resourceDirectory /Users/agolubev1/Desktop/RedLobster/request.quote/src/main/resources
2015-10-08 12:40:29,423 [Worker-35] INFO  o.e.m.c.i.embedder.EclipseLogger - Using 'UTF-8' encoding to copy filtered resources.
2015-10-08 12:40:29,423 [Worker-35] INFO  o.e.m.c.i.embedder.EclipseLogger - skip non existing resourceDirectory /Users/agolubev1/Desktop/RedLobster/request.quote/src/test/resources
2015-10-08 12:49:07,371 [Worker-33] INFO  o.e.m.c.i.embedder.EclipseLogger - Using 'UTF-8' encoding to copy filtered resources.
2015-10-08 12:49:07,371 [Worker-33] INFO  o.e.m.c.i.embedder.EclipseLogger - skip non existing resourceDirectory /Users/agolubev1/Desktop/RedLobster/request.quote/src/main/resources
2015-10-08 12:49:07,372 [Worker-33] INFO  o.e.m.c.i.embedder.EclipseLogger - Using 'UTF-8' encoding to copy filtered resources.
2015-10-08 12:49:07,372 [Worker-33] INFO  o.e.m.c.i.embedder.EclipseLogger - skip non existing resourceDirectory /Users/agolubev1/Desktop/RedLobster/request.quote/src/test/resources
2015-10-08 12:56:05,057 [Worker-37] INFO  o.e.m.c.i.embedder.EclipseLogger - Using 'UTF-8' encoding to copy filtered resources.
2015-10-08 12:56:05,057 [Worker-37] INFO  o.e.m.c.i.embedder.EclipseLogger - skip non existing resourceDirectory /Users/agolubev1/Desktop/RedLobster/request.quote/src/main/resources
2015-10-08 12:56:05,058 [Worker-37] INFO  o.e.m.c.i.embedder.EclipseLogger - Using 'UTF-8' encoding to copy filtered resources.
2015-10-08 12:56:05,058 [Worker-37] INFO  o.e.m.c.i.embedder.EclipseLogger - skip non existing resourceDirectory /Users/agolubev1/Desktop/RedLobster/request.quote/src/test/resources
2015-10-08 14:03:04,612 [Worker-48] INFO  o.e.m.c.i.embedder.EclipseLogger - Using 'UTF-8' encoding to copy filtered resources.
2015-10-08 14:03:04,612 [Worker-48] INFO  o.e.m.c.i.embedder.EclipseLogger - skip non existing resourceDirectory /Users/agolubev1/Desktop/RedLobster/request.quote/src/main/resources
2015-10-08 14:03:04,613 [Worker-48] INFO  o.e.m.c.i.embedder.EclipseLogger - Using 'UTF-8' encoding to copy filtered resources.
2015-10-08 14:03:04,613 [Worker-48] INFO  o.e.m.c.i.embedder.EclipseLogger - skip non existing resourceDirectory /Users/agolubev1/Desktop/RedLobster/request.quote/src/test/resources
2015-10-08 14:04:18,853 [Worker-47] INFO  o.e.m.c.i.embedder.EclipseLogger - Using 'UTF-8' encoding to copy filtered resources.
2015-10-08 14:04:18,853 [Worker-47] INFO  o.e.m.c.i.embedder.EclipseLogger - skip non existing resourceDirectory /Users/agolubev1/Desktop/RedLobster/request.quote/src/main/resources
2015-10-08 14:04:18,855 [Worker-47] INFO  o.e.m.c.i.embedder.EclipseLogger - Using 'UTF-8' encoding to copy filtered resources.
2015-10-08 14:04:18,855 [Worker-47] INFO  o.e.m.c.i.embedder.EclipseLogger - skip non existing resourceDirectory /Users/agolubev1/Desktop/RedLobster/request.quote/src/test/resources
2015-10-08 14:09:05,820 [Worker-40] INFO  o.e.m.c.i.embedder.EclipseLogger - Using 'UTF-8' encoding to copy filtered resources.
2015-10-08 14:09:05,820 [Worker-40] INFO  o.e.m.c.i.embedder.EclipseLogger - skip non existing resourceDirectory /Users/agolubev1/Desktop/RedLobster/request.quote/src/main/resources
2015-10-08 14:09:05,821 [Worker-40] INFO  o.e.m.c.i.embedder.EclipseLogger - Using 'UTF-8' encoding to copy filtered resources.
2015-10-08 14:09:05,821 [Worker-40] INFO  o.e.m.c.i.embedder.EclipseLogger - skip non existing resourceDirectory /Users/agolubev1/Desktop/RedLobster/request.quote/src/test/resources
2015-10-08 14:10:14,973 [Worker-50] INFO  o.e.m.c.i.embedder.EclipseLogger - Using 'UTF-8' encoding to copy filtered resources.
2015-10-08 14:10:14,974 [Worker-50] INFO  o.e.m.c.i.embedder.EclipseLogger - skip non existing resourceDirectory /Users/agolubev1/Desktop/RedLobster/request.quote/src/main/resources
2015-10-08 14:10:14,974 [Worker-50] INFO  o.e.m.c.i.embedder.EclipseLogger - Using 'UTF-8' encoding to copy filtered resources.
2015-10-08 14:10:14,974 [Worker-50] INFO  o.e.m.c.i.embedder.EclipseLogger - skip non existing resourceDirectory /Users/agolubev1/Desktop/RedLobster/request.quote/src/test/resources
2015-10-08 14:38:25,210 [Worker-56] INFO  o.e.m.c.i.embedder.EclipseLogger - Using 'UTF-8' encoding to copy filtered resources.
2015-10-08 14:38:25,210 [Worker-56] INFO  o.e.m.c.i.embedder.EclipseLogger - skip non existing resourceDirectory /Users/agolubev1/Desktop/RedLobster/request.quote/src/main/resources
2015-10-08 14:38:25,211 [Worker-56] INFO  o.e.m.c.i.embedder.EclipseLogger - Using 'UTF-8' encoding to copy filtered resources.
2015-10-08 14:38:25,211 [Worker-56] INFO  o.e.m.c.i.embedder.EclipseLogger - skip non existing resourceDirectory /Users/agolubev1/Desktop/RedLobster/request.quote/src/test/resources
2015-10-09 12:13:54,141 [Worker-232] INFO  o.e.m.c.i.embedder.EclipseLogger - Using 'UTF-8' encoding to copy filtered resources.
2015-10-09 12:13:54,141 [Worker-232] INFO  o.e.m.c.i.embedder.EclipseLogger - skip non existing resourceDirectory /Users/agolubev1/Desktop/RedLobster/request.quote/src/main/resources
2015-10-09 12:13:54,142 [Worker-232] INFO  o.e.m.c.i.embedder.EclipseLogger - Using 'UTF-8' encoding to copy filtered resources.
2015-10-09 12:13:54,142 [Worker-232] INFO  o.e.m.c.i.embedder.EclipseLogger - skip non existing resourceDirectory /Users/agolubev1/Desktop/RedLobster/request.quote/src/test/resources
2015-10-12 12:52:50,639 [Worker-829] INFO  o.e.m.c.i.embedder.EclipseLogger - Using 'UTF-8' encoding to copy filtered resources.
2015-10-12 12:52:50,640 [Worker-829] INFO  o.e.m.c.i.embedder.EclipseLogger - skip non existing resourceDirectory /Users/agolubev1/Desktop/RedLobster/request.quote/src/main/resources
2015-10-12 12:52:50,641 [Worker-829] INFO  o.e.m.c.i.embedder.EclipseLogger - Using 'UTF-8' encoding to copy filtered resources.
2015-10-12 12:52:50,641 [Worker-829] INFO  o.e.m.c.i.embedder.EclipseLogger - skip non existing resourceDirectory /Users/agolubev1/Desktop/RedLobster/request.quote/src/test/resources
2015-10-12 12:53:03,222 [Worker-825] INFO  o.e.m.c.i.embedder.EclipseLogger - Using 'UTF-8' encoding to copy filtered resources.
2015-10-12 12:53:03,222 [Worker-825] INFO  o.e.m.c.i.embedder.EclipseLogger - skip non existing resourceDirectory /Users/agolubev1/Desktop/RedLobster/request.quote/src/main/resources
2015-10-12 12:53:03,223 [Worker-825] INFO  o.e.m.c.i.embedder.EclipseLogger - Using 'UTF-8' encoding to copy filtered resources.
2015-10-12 12:53:03,223 [Worker-825] INFO  o.e.m.c.i.embedder.EclipseLogger - skip non existing resourceDirectory /Users/agolubev1/Desktop/RedLobster/request.quote/src/test/resources
2015-10-12 12:58:20,496 [Worker-834] INFO  o.e.m.c.i.embedder.EclipseLogger - Using 'UTF-8' encoding to copy filtered resources.
2015-10-12 12:58:20,496 [Worker-834] INFO  o.e.m.c.i.embedder.EclipseLogger - skip non existing resourceDirectory /Users/agolubev1/Desktop/RedLobster/request.quote/src/main/resources
2015-10-12 12:58:20,498 [Worker-834] INFO  o.e.m.c.i.embedder.EclipseLogger - Using 'UTF-8' encoding to copy filtered resources.
2015-10-12 12:58:20,498 [Worker-834] INFO  o.e.m.c.i.embedder.EclipseLogger - skip non existing resourceDirectory /Users/agolubev1/Desktop/RedLobster/request.quote/src/test/resources
